2023-02-24 15:29:14.538	[34mINFO[0m	äºŒç»´ç è·å–æˆåŠŸï¼Œè¯·æ‰“å¼€äº¬ä¸œAPPæ‰«æ
2023-02-24 15:29:14.565	[33mWARN[0m	Code: 201, Message: äºŒç»´ç æœªæ‰«æï¼Œè¯·æ‰«æäºŒç»´ç 
2023-02-24 15:29:16.578	[33mWARN[0m	Code: 201, Message: äºŒç»´ç æœªæ‰«æï¼Œè¯·æ‰«æäºŒç»´ç 
2023-02-24 15:29:18.593	[33mWARN[0m	Code: 201, Message: äºŒç»´ç æœªæ‰«æï¼Œè¯·æ‰«æäºŒç»´ç 
2023-02-24 15:29:20.609	[33mWARN[0m	Code: 201, Message: äºŒç»´ç æœªæ‰«æï¼Œè¯·æ‰«æäºŒç»´ç 
2023-02-24 15:29:22.624	[33mWARN[0m	Code: 201, Message: äºŒç»´ç æœªæ‰«æï¼Œè¯·æ‰«æäºŒç»´ç 
2023-02-24 15:29:24.650	[33mWARN[0m	Code: 201, Message: äºŒç»´ç æœªæ‰«æï¼Œè¯·æ‰«æäºŒç»´ç 
2023-02-24 15:29:26.671	[33mWARN[0m	Code: 201, Message: äºŒç»´ç æœªæ‰«æï¼Œè¯·æ‰«æäºŒç»´ç 
2023-02-24 15:29:28.683	[33mWARN[0m	Code: 201, Message: äºŒç»´ç æœªæ‰«æï¼Œè¯·æ‰«æäºŒç»´ç 
2023-02-24 15:29:30.710	[33mWARN[0m	Code: 201, Message: äºŒç»´ç æœªæ‰«æï¼Œè¯·æ‰«æäºŒç»´ç 
2023-02-24 15:29:32.731	[33mWARN[0m	Code: 201, Message: äºŒç»´ç æœªæ‰«æï¼Œè¯·æ‰«æäºŒç»´ç 
2023-02-24 15:29:34.750	[33mWARN[0m	Code: 201, Message: äºŒç»´ç æœªæ‰«æï¼Œè¯·æ‰«æäºŒç»´ç 
2023-02-24 15:29:36.771	[33mWARN[0m	Code: 201, Message: äºŒç»´ç æœªæ‰«æï¼Œè¯·æ‰«æäºŒç»´ç 
2023-02-24 15:29:38.786	[33mWARN[0m	Code: 201, Message: äºŒç»´ç æœªæ‰«æï¼Œè¯·æ‰«æäºŒç»´ç 
2023-02-24 15:29:40.813	[33mWARN[0m	Code: 201, Message: äºŒç»´ç æœªæ‰«æï¼Œè¯·æ‰«æäºŒç»´ç 
2023-02-24 15:29:42.839	[33mWARN[0m	Code: 201, Message: äºŒç»´ç æœªæ‰«æï¼Œè¯·æ‰«æäºŒç»´ç 
2023-02-24 15:29:44.863	[33mWARN[0m	Code: 201, Message: äºŒç»´ç æœªæ‰«æï¼Œè¯·æ‰«æäºŒç»´ç 
2023-02-24 15:29:46.879	[33mWARN[0m	Code: 201, Message: äºŒç»´ç æœªæ‰«æï¼Œè¯·æ‰«æäºŒç»´ç 
2023-02-24 15:29:48.895	[33mWARN[0m	Code: 202, Message: è¯·æ‰‹æœºå®¢æˆ·ç«¯ç¡®è®¤ç™»å½•
2023-02-24 15:29:50.914	[34mINFO[0m	å·²å®Œæˆæ‰‹æœºå®¢æˆ·ç«¯ç¡®è®¤
2023-02-24 15:29:50.942	[34mINFO[0m	äºŒç»´ç ä¿¡æ¯æ ¡éªŒæˆåŠŸ
2023-02-24 15:29:51.240	[34mINFO[0m	ä¿å­˜cookieæˆåŠŸ
2023-02-24 15:29:51.240	[34mINFO[0m	ç™»å½•æˆåŠŸ
2023-02-24 15:30:06.317	[34mINFO[0m	åŠ è½½cookieæˆåŠŸ
2023-02-24 15:30:06.733	[34mINFO[0m	è·å–å•†å“çš„é¢„çº¦æ—¶é—´ã€æŠ¢è´­æ—¶é—´
2023-02-24 15:30:06.979	[34mINFO[0m	è·å–æœ¬åœ°æ—¶é—´ä¸äº¬ä¸œäº‘ç«¯æ—¶é—´å·®
2023-02-24 15:30:06.980	[34mINFO[0m	æœ¬åœ°ç³»ç»Ÿæ—¶é—´ï¼š2023-02-24 15:30:06.98 +0800 CST
2023-02-24 15:30:07.623	[34mINFO[0m	äº¬ä¸œäº‘ç«¯æ—¶é—´ï¼š1970-01-01 08:00:00 +0800 CST
2023-02-24 15:30:07.624	[34mINFO[0m	ç½‘ç»œè¯·æ±‚å»¶æ—¶ï¼š644ms
2023-02-24 15:30:07.624	[34mINFO[0m	å®é™…æ—¶é—´è¯¯å·®ï¼š1677223807302ms (æœ¬åœ°æ—¶é—´-äº¬ä¸œäº‘ç«¯æ—¶é—´+ç½‘ç»œè¯·æ±‚å»¶æ—¶/2)
2023-02-24 15:30:07.624	[33mWARN[0m	è¿˜æ²¡åˆ°é¢„çº¦æ—¶é—´ï¼Œç­‰å¾…1677290399678ms åå¼€å§‹é¢„çº¦
2023-02-24 15:33:10.443	[34mINFO[0m	åŠ è½½cookieæˆåŠŸ
2023-02-24 15:33:11.095	[34mINFO[0m	è·å–å•†å“çš„é¢„çº¦æ—¶é—´ã€æŠ¢è´­æ—¶é—´
2023-02-24 15:33:11.347	[34mINFO[0m	è·å–æœ¬åœ°æ—¶é—´ä¸äº¬ä¸œäº‘ç«¯æ—¶é—´å·®
2023-02-24 15:33:11.347	[34mINFO[0m	æœ¬åœ°ç³»ç»Ÿæ—¶é—´ï¼š2023-02-24 15:33:11.347 +0800 CST
2023-02-24 15:33:12.396	[34mINFO[0m	äº¬ä¸œäº‘ç«¯æ—¶é—´ï¼š1970-01-01 08:00:00 +0800 CST
2023-02-24 15:33:12.397	[34mINFO[0m	ç½‘ç»œè¯·æ±‚å»¶æ—¶ï¼š1050ms
2023-02-24 15:33:12.397	[34mINFO[0m	å®é™…æ—¶é—´è¯¯å·®ï¼š1677223991872ms (æœ¬åœ°æ—¶é—´-äº¬ä¸œäº‘ç«¯æ—¶é—´+ç½‘ç»œè¯·æ±‚å»¶æ—¶/2)
2023-02-24 15:33:12.397	[33mWARN[0m	è¿˜æ²¡åˆ°é¢„çº¦æ—¶é—´ï¼Œç­‰å¾…1677290399475ms åå¼€å§‹é¢„çº¦
2023-02-24 15:33:57.682	[34mINFO[0m	åŠ è½½cookieæˆåŠŸ
2023-02-24 15:33:58.078	[34mINFO[0m	è·å–æœ¬åœ°æ—¶é—´ä¸äº¬ä¸œäº‘ç«¯æ—¶é—´å·®
2023-02-24 15:33:58.078	[34mINFO[0m	æœ¬åœ°ç³»ç»Ÿæ—¶é—´ï¼š2023-02-24 15:33:58.078 +0800 CST
2023-02-24 15:33:58.700	[34mINFO[0m	äº¬ä¸œäº‘ç«¯æ—¶é—´ï¼š1970-01-01 08:00:00 +0800 CST
2023-02-24 15:33:58.701	[34mINFO[0m	ç½‘ç»œè¯·æ±‚å»¶æ—¶ï¼š623ms
2023-02-24 15:33:58.701	[34mINFO[0m	å®é™…æ—¶é—´è¯¯å·®ï¼š1677224038389ms (æœ¬åœ°æ—¶é—´-äº¬ä¸œäº‘ç«¯æ—¶é—´+ç½‘ç»œè¯·æ±‚å»¶æ—¶/2)
2023-02-24 15:33:58.701	[33mWARN[0m	è¿˜æ²¡åˆ°è¾¾æŠ¢è´­æ—¶é—´:2021-01-01 09:59:59ï¼Œç­‰å¾…ä¸­...
2023-02-24 15:34:29.415	[34mINFO[0m	é€€å‡ºæˆåŠŸ
2023-02-24 16:02:00.790	[31mERROR[0m	é€€å‡ºå¤±è´¥ï¼Œæœªç™»å½•
2023-02-24 16:02:05.839	[34mINFO[0m	äºŒç»´ç è·å–æˆåŠŸï¼Œè¯·æ‰“å¼€äº¬ä¸œAPPæ‰«æ
2023-02-24 16:02:05.858	[33mWARN[0m	Code: 201, Message: äºŒç»´ç æœªæ‰«æï¼Œè¯·æ‰«æäºŒç»´ç 
2023-02-24 16:02:07.874	[33mWARN[0m	Code: 201, Message: äºŒç»´ç æœªæ‰«æï¼Œè¯·æ‰«æäºŒç»´ç 
2023-02-24 16:02:09.890	[33mWARN[0m	Code: 201, Message: äºŒç»´ç æœªæ‰«æï¼Œè¯·æ‰«æäºŒç»´ç 
2023-02-24 16:02:11.906	[33mWARN[0m	Code: 201, Message: äºŒç»´ç æœªæ‰«æï¼Œè¯·æ‰«æäºŒç»´ç 
2023-02-24 16:02:13.925	[33mWARN[0m	Code: 201, Message: äºŒç»´ç æœªæ‰«æï¼Œè¯·æ‰«æäºŒç»´ç 
2023-02-24 16:02:15.945	[33mWARN[0m	Code: 201, Message: äºŒç»´ç æœªæ‰«æï¼Œè¯·æ‰«æäºŒç»´ç 
2023-02-24 16:02:17.958	[33mWARN[0m	Code: 201, Message: äºŒç»´ç æœªæ‰«æï¼Œè¯·æ‰«æäºŒç»´ç 
2023-02-24 16:02:19.971	[33mWARN[0m	Code: 201, Message: äºŒç»´ç æœªæ‰«æï¼Œè¯·æ‰«æäºŒç»´ç 
2023-02-24 16:02:21.985	[33mWARN[0m	Code: 201, Message: äºŒç»´ç æœªæ‰«æï¼Œè¯·æ‰«æäºŒç»´ç 
2023-02-24 16:02:24.012	[33mWARN[0m	Code: 201, Message: äºŒç»´ç æœªæ‰«æï¼Œè¯·æ‰«æäºŒç»´ç 
2023-02-24 16:02:26.028	[33mWARN[0m	Code: 202, Message: è¯·æ‰‹æœºå®¢æˆ·ç«¯ç¡®è®¤ç™»å½•
2023-02-24 16:02:28.055	[34mINFO[0m	å·²å®Œæˆæ‰‹æœºå®¢æˆ·ç«¯ç¡®è®¤
2023-02-24 16:02:28.200	[34mINFO[0m	äºŒç»´ç ä¿¡æ¯æ ¡éªŒæˆåŠŸ
2023-02-24 16:02:28.594	[34mINFO[0m	ä¿å­˜cookieæˆåŠŸ
2023-02-24 16:02:28.594	[34mINFO[0m	ç™»å½•æˆåŠŸ
2023-02-24 16:02:34.843	[34mINFO[0m	åŠ è½½cookieæˆåŠŸ
2023-02-24 16:02:35.191	[34mINFO[0m	è·å–å•†å“çš„é¢„çº¦æ—¶é—´ã€æŠ¢è´­æ—¶é—´
2023-02-24 16:02:35.455	[34mINFO[0m	è·å–æœ¬åœ°æ—¶é—´ä¸äº¬ä¸œäº‘ç«¯æ—¶é—´å·®
2023-02-24 16:02:35.461	[34mINFO[0m	æœ¬åœ°ç³»ç»Ÿæ—¶é—´ï¼š2023-02-24 16:02:35.461 +0800 CST
2023-02-24 16:02:36.170	[34mINFO[0m	äº¬ä¸œäº‘ç«¯æ—¶é—´ï¼š1970-01-01 08:00:00 +0800 CST
2023-02-24 16:02:36.170	[34mINFO[0m	ç½‘ç»œè¯·æ±‚å»¶æ—¶ï¼š709ms
2023-02-24 16:02:36.170	[34mINFO[0m	å®é™…æ—¶é—´è¯¯å·®ï¼š1677225755815ms (æœ¬åœ°æ—¶é—´-äº¬ä¸œäº‘ç«¯æ—¶é—´+ç½‘ç»œè¯·æ±‚å»¶æ—¶/2)
2023-02-24 16:02:36.170	[33mWARN[0m	è¿˜æ²¡åˆ°é¢„çº¦æ—¶é—´ï¼Œç­‰å¾…1677290399645ms åå¼€å§‹é¢„çº¦
2023-02-24 16:08:40.397	[34mINFO[0m	åŠ è½½cookieæˆåŠŸ
2023-02-24 16:08:41.401	[34mINFO[0m	è·å–å•†å“çš„é¢„çº¦æ—¶é—´ã€æŠ¢è´­æ—¶é—´
2023-02-24 16:08:41.675	[34mINFO[0m	è·å–æœ¬åœ°æ—¶é—´ä¸äº¬ä¸œäº‘ç«¯æ—¶é—´å·®
2023-02-24 16:08:41.675	[34mINFO[0m	æœ¬åœ°ç³»ç»Ÿæ—¶é—´ï¼š2023-02-24 16:08:41.675 +0800 CST
2023-02-24 16:08:41.838	[34mINFO[0m	äº¬ä¸œäº‘ç«¯æ—¶é—´ï¼š1970-01-01 08:00:00 +0800 CST
2023-02-24 16:08:41.839	[34mINFO[0m	ç½‘ç»œè¯·æ±‚å»¶æ—¶ï¼š163ms
2023-02-24 16:08:41.839	[34mINFO[0m	å®é™…æ—¶é—´è¯¯å·®ï¼š1677226121756ms (æœ¬åœ°æ—¶é—´-äº¬ä¸œäº‘ç«¯æ—¶é—´+ç½‘ç»œè¯·æ±‚å»¶æ—¶/2)
2023-02-24 16:08:41.839	[33mWARN[0m	è¿˜æ²¡åˆ°é¢„çº¦æ—¶é—´ï¼Œç­‰å¾…1677290399917ms åå¼€å§‹é¢„çº¦
2023-02-24 16:09:03.570	[34mINFO[0m	åŠ è½½cookieæˆåŠŸ
2023-02-24 16:09:04.304	[34mINFO[0m	è·å–å•†å“çš„é¢„çº¦æ—¶é—´ã€æŠ¢è´­æ—¶é—´
2023-02-24 16:09:04.502	[34mINFO[0m	è·å–æœ¬åœ°æ—¶é—´ä¸äº¬ä¸œäº‘ç«¯æ—¶é—´å·®
2023-02-24 16:09:04.502	[34mINFO[0m	æœ¬åœ°ç³»ç»Ÿæ—¶é—´ï¼š2023-02-24 16:09:04.502 +0800 CST
2023-02-24 16:09:04.637	[34mINFO[0m	äº¬ä¸œäº‘ç«¯æ—¶é—´ï¼š1970-01-01 08:00:00 +0800 CST
2023-02-24 16:09:04.637	[34mINFO[0m	ç½‘ç»œè¯·æ±‚å»¶æ—¶ï¼š135ms
2023-02-24 16:09:04.637	[34mINFO[0m	å®é™…æ—¶é—´è¯¯å·®ï¼š1677226144569ms (æœ¬åœ°æ—¶é—´-äº¬ä¸œäº‘ç«¯æ—¶é—´+ç½‘ç»œè¯·æ±‚å»¶æ—¶/2)
2023-02-24 16:09:04.637	[33mWARN[0m	è¿˜æ²¡åˆ°é¢„çº¦æ—¶é—´ï¼Œç­‰å¾…1677290399932ms åå¼€å§‹é¢„çº¦
2023-02-24 16:10:16.775	[34mINFO[0m	åŠ è½½cookieæˆåŠŸ
2023-02-24 16:10:17.893	[34mINFO[0m	è·å–å•†å“çš„é¢„çº¦æ—¶é—´ã€æŠ¢è´­æ—¶é—´
2023-02-24 16:10:18.148	[34mINFO[0m	è·å–æœ¬åœ°æ—¶é—´ä¸äº¬ä¸œäº‘ç«¯æ—¶é—´å·®
2023-02-24 16:10:18.148	[34mINFO[0m	æœ¬åœ°ç³»ç»Ÿæ—¶é—´ï¼š2023-02-24 16:10:18.148 +0800 CST
2023-02-24 16:10:18.241	[34mINFO[0m	wwwwwwwww{}
2023-02-24 16:10:18.241	[34mINFO[0m	wwwwwwwww&{%!s(func()=0x116bb60) {%!s(*http.http2clientStream=&{0xc0000a0600 0xc000292ba0 <nil> <nil> 1 {{0 0} {{} 0xc0000a07b0 {0 0 0 <nil> <nil>} 824634378216} <nil> 0 0xc000190060 0xc000190aa0 <nil> <nil>} true false {1 {0 0}} 0xc000042cc0 0xc000190aa0 0xc000042c60 0xc000042d80 <nil> 0xc000042d20 0xc0001cc000 {[] 65536 0xc0000a0660} {[] 4194302 0xc0000a0670} 0 <nil> {} 0 true true true true true false 0 true false map[] 0xc0001cc078})} %!s(func() bool=0x122c4c0)}
2023-02-24 16:10:18.242	[34mINFO[0m	äº¬ä¸œäº‘ç«¯æ—¶é—´ï¼š1970-01-01 08:00:00 +0800 CST
2023-02-24 16:10:18.242	[34mINFO[0m	ç½‘ç»œè¯·æ±‚å»¶æ—¶ï¼š94ms
2023-02-24 16:10:18.242	[34mINFO[0m	å®é™…æ—¶é—´è¯¯å·®ï¼š1677226218195ms (æœ¬åœ°æ—¶é—´-äº¬ä¸œäº‘ç«¯æ—¶é—´+ç½‘ç»œè¯·æ±‚å»¶æ—¶/2)
2023-02-24 16:10:18.242	[33mWARN[0m	è¿˜æ²¡åˆ°é¢„çº¦æ—¶é—´ï¼Œç­‰å¾…1677290399953ms åå¼€å§‹é¢„çº¦
2023-02-24 16:12:02.285	[34mINFO[0m	åŠ è½½cookieæˆåŠŸ
2023-02-24 16:12:03.304	[34mINFO[0m	è·å–å•†å“çš„é¢„çº¦æ—¶é—´ã€æŠ¢è´­æ—¶é—´
2023-02-24 16:12:03.599	[34mINFO[0m	è·å–æœ¬åœ°æ—¶é—´ä¸äº¬ä¸œäº‘ç«¯æ—¶é—´å·®
2023-02-24 16:12:03.599	[34mINFO[0m	æœ¬åœ°ç³»ç»Ÿæ—¶é—´ï¼š2023-02-24 16:12:03.599 +0800 CST
2023-02-24 16:12:03.750	[34mINFO[0m	wwwwwwwww{}
2023-02-24 16:12:03.750	[34mINFO[0m	wwwwwwwww
2023-02-24 16:12:03.750	[34mINFO[0m	äº¬ä¸œäº‘ç«¯æ—¶é—´ï¼š1970-01-01 08:00:00 +0800 CST
2023-02-24 16:12:03.750	[34mINFO[0m	ç½‘ç»œè¯·æ±‚å»¶æ—¶ï¼š151ms
2023-02-24 16:12:03.750	[34mINFO[0m	å®é™…æ—¶é—´è¯¯å·®ï¼š1677226323674ms (æœ¬åœ°æ—¶é—´-äº¬ä¸œäº‘ç«¯æ—¶é—´+ç½‘ç»œè¯·æ±‚å»¶æ—¶/2)
2023-02-24 16:12:03.750	[33mWARN[0m	è¿˜æ²¡åˆ°é¢„çº¦æ—¶é—´ï¼Œç­‰å¾…1677290399924ms åå¼€å§‹é¢„çº¦
2023-02-24 16:15:41.306	[34mINFO[0m	åŠ è½½cookieæˆåŠŸ
2023-02-24 16:15:42.328	[34mINFO[0m	è·å–å•†å“çš„é¢„çº¦æ—¶é—´ã€æŠ¢è´­æ—¶é—´
2023-02-24 16:15:42.600	[34mINFO[0m	è·å–æœ¬åœ°æ—¶é—´ä¸äº¬ä¸œäº‘ç«¯æ—¶é—´å·®
2023-02-24 16:15:42.600	[34mINFO[0m	æœ¬åœ°ç³»ç»Ÿæ—¶é—´ï¼š2023-02-24 16:15:42.6 +0800 CST
2023-02-24 16:15:42.745	[34mINFO[0m	wwwwwwwww{}
2023-02-24 16:15:42.745	[34mINFO[0m	wwwwwwwww
2023-02-24 16:15:42.745	[34mINFO[0m	äº¬ä¸œäº‘ç«¯æ—¶é—´ï¼š1970-01-01 08:00:00 +0800 CST
2023-02-24 16:15:42.745	[34mINFO[0m	ç½‘ç»œè¯·æ±‚å»¶æ—¶ï¼š145ms
2023-02-24 16:15:42.745	[34mINFO[0m	å®é™…æ—¶é—´è¯¯å·®ï¼š1677226542672ms (æœ¬åœ°æ—¶é—´-äº¬ä¸œäº‘ç«¯æ—¶é—´+ç½‘ç»œè¯·æ±‚å»¶æ—¶/2)
2023-02-24 16:15:42.745	[33mWARN[0m	è¿˜æ²¡åˆ°é¢„çº¦æ—¶é—´ï¼Œç­‰å¾…1677290399927ms åå¼€å§‹é¢„çº¦
2023-02-24 16:20:39.497	[34mINFO[0m	åŠ è½½cookieæˆåŠŸ
2023-02-24 16:20:40.457	[34mINFO[0m	è·å–å•†å“çš„é¢„çº¦æ—¶é—´ã€æŠ¢è´­æ—¶é—´
2023-02-24 16:20:40.768	[34mINFO[0m	è·å–æœ¬åœ°æ—¶é—´ä¸äº¬ä¸œäº‘ç«¯æ—¶é—´å·®
2023-02-24 16:20:40.768	[34mINFO[0m	æœ¬åœ°ç³»ç»Ÿæ—¶é—´ï¼š2023-02-24 16:20:40.768 +0800 CST
2023-02-24 16:20:40.910	[34mINFO[0m	äº¬ä¸œäº‘ç«¯æ—¶é—´ï¼š1970-01-01 08:00:00 +0800 CST
2023-02-24 16:20:40.910	[34mINFO[0m	ç½‘ç»œè¯·æ±‚å»¶æ—¶ï¼š142ms
2023-02-24 16:20:40.910	[34mINFO[0m	å®é™…æ—¶é—´è¯¯å·®ï¼š1677226840839ms (æœ¬åœ°æ—¶é—´-äº¬ä¸œäº‘ç«¯æ—¶é—´+ç½‘ç»œè¯·æ±‚å»¶æ—¶/2)
2023-02-24 16:20:40.910	[33mWARN[0m	è¿˜æ²¡åˆ°é¢„çº¦æ—¶é—´ï¼Œç­‰å¾…1677290399929ms åå¼€å§‹é¢„çº¦
2023-02-24 16:21:16.149	[34mINFO[0m	åŠ è½½cookieæˆåŠŸ
2023-02-24 16:21:16.875	[34mINFO[0m	è·å–å•†å“çš„é¢„çº¦æ—¶é—´ã€æŠ¢è´­æ—¶é—´
2023-02-24 16:21:17.165	[34mINFO[0m	è·å–æœ¬åœ°æ—¶é—´ä¸äº¬ä¸œäº‘ç«¯æ—¶é—´å·®
2023-02-24 16:21:17.165	[34mINFO[0m	æœ¬åœ°ç³»ç»Ÿæ—¶é—´ï¼š2023-02-24 16:21:17.165 +0800 CST
2023-02-24 16:21:17.256	[34mINFO[0m	äº¬ä¸œäº‘ç«¯æ—¶é—´ï¼š1970-01-01 08:00:00 +0800 CST
2023-02-24 16:21:17.256	[34mINFO[0m	ç½‘ç»œè¯·æ±‚å»¶æ—¶ï¼š91ms
2023-02-24 16:21:17.256	[34mINFO[0m	å®é™…æ—¶é—´è¯¯å·®ï¼š1677226877210ms (æœ¬åœ°æ—¶é—´-äº¬ä¸œäº‘ç«¯æ—¶é—´+ç½‘ç»œè¯·æ±‚å»¶æ—¶/2)
2023-02-24 16:21:17.256	[33mWARN[0m	è¿˜æ²¡åˆ°é¢„çº¦æ—¶é—´ï¼Œç­‰å¾…1677290399954ms åå¼€å§‹é¢„çº¦
2023-02-24 16:21:49.926	[34mINFO[0m	åŠ è½½cookieæˆåŠŸ
2023-02-24 16:21:50.820	[34mINFO[0m	è·å–å•†å“çš„é¢„çº¦æ—¶é—´ã€æŠ¢è´­æ—¶é—´
2023-02-24 16:21:51.126	[34mINFO[0m	è·å–æœ¬åœ°æ—¶é—´ä¸äº¬ä¸œäº‘ç«¯æ—¶é—´å·®
2023-02-24 16:21:51.126	[34mINFO[0m	æœ¬åœ°ç³»ç»Ÿæ—¶é—´ï¼š2023-02-24 16:21:51.126 +0800 CST
2023-02-24 16:21:51.256	[34mINFO[0m	äº¬ä¸œäº‘ç«¯æ—¶é—´ï¼š1970-01-01 08:00:00 +0800 CST
2023-02-24 16:21:51.257	[34mINFO[0m	ç½‘ç»œè¯·æ±‚å»¶æ—¶ï¼š131ms
2023-02-24 16:21:51.257	[34mINFO[0m	å®é™…æ—¶é—´è¯¯å·®ï¼š1677226911191ms (æœ¬åœ°æ—¶é—´-äº¬ä¸œäº‘ç«¯æ—¶é—´+ç½‘ç»œè¯·æ±‚å»¶æ—¶/2)
2023-02-24 16:21:51.257	[33mWARN[0m	è¿˜æ²¡åˆ°é¢„çº¦æ—¶é—´ï¼Œç­‰å¾…1677290399934ms åå¼€å§‹é¢„çº¦
2023-02-24 16:23:14.481	[34mINFO[0m	åŠ è½½cookieæˆåŠŸ
2023-02-24 16:23:14.936	[34mINFO[0m	è·å–å•†å“çš„é¢„çº¦æ—¶é—´ã€æŠ¢è´­æ—¶é—´
2023-02-24 16:23:15.228	[34mINFO[0m	è·å–æœ¬åœ°æ—¶é—´ä¸äº¬ä¸œäº‘ç«¯æ—¶é—´å·®
2023-02-24 16:23:15.228	[34mINFO[0m	æœ¬åœ°ç³»ç»Ÿæ—¶é—´ï¼š2023-02-24 16:23:15.228 +0800 CST
2023-02-24 16:23:15.408	[34mINFO[0m	äº¬ä¸œäº‘ç«¯æ—¶é—´ï¼š1970-01-01 08:00:00 +0800 CST
2023-02-24 16:23:15.408	[34mINFO[0m	ç½‘ç»œè¯·æ±‚å»¶æ—¶ï¼š180ms
2023-02-24 16:23:15.408	[34mINFO[0m	å®é™…æ—¶é—´è¯¯å·®ï¼š1677226995318ms (æœ¬åœ°æ—¶é—´-äº¬ä¸œäº‘ç«¯æ—¶é—´+ç½‘ç»œè¯·æ±‚å»¶æ—¶/2)
2023-02-24 16:23:15.408	[33mWARN[0m	è¿˜æ²¡åˆ°é¢„çº¦æ—¶é—´ï¼Œç­‰å¾…1677290399910ms åå¼€å§‹é¢„çº¦
2023-02-24 16:23:25.574	[34mINFO[0m	åŠ è½½cookieæˆåŠŸ
2023-02-24 16:23:26.294	[34mINFO[0m	è·å–å•†å“çš„é¢„çº¦æ—¶é—´ã€æŠ¢è´­æ—¶é—´
2023-02-24 16:23:26.530	[31mERROR[0m	è·å–å•†å“é¢„çº¦ä¿¡æ¯å¤±è´¥
2023-02-24 16:23:26.530	[33mWARN[0m	é¢„çº¦èµ·å§‹æ—¶é—´è·å–å¤±è´¥ï¼Œç«‹å³å°è¯•é¢„çº¦ï¼šè·å–å•†å“é¢„çº¦ä¿¡æ¯å¤±è´¥ []
2023-02-24 16:23:48.109	[34mINFO[0m	é€€å‡ºæˆåŠŸ
2023-02-24 16:23:52.020	[34mINFO[0m	äºŒç»´ç è·å–æˆåŠŸï¼Œè¯·æ‰“å¼€äº¬ä¸œAPPæ‰«æ
2023-02-24 16:23:52.037	[33mWARN[0m	Code: , Message: 
2023-02-24 16:23:54.059	[33mWARN[0m	Code: , Message: 
2023-02-24 16:23:56.075	[33mWARN[0m	Code: , Message: 
2023-02-24 16:23:58.091	[33mWARN[0m	Code: , Message: 
2023-02-24 16:24:00.112	[33mWARN[0m	Code: , Message: 
2023-02-24 16:24:02.136	[33mWARN[0m	Code: , Message: 
2023-02-24 16:24:04.157	[33mWARN[0m	Code: , Message: 
2023-02-24 16:24:06.174	[33mWARN[0m	Code: , Message: 
2023-02-24 16:24:08.197	[33mWARN[0m	Code: , Message: 
2023-02-24 16:24:10.217	[33mWARN[0m	Code: , Message: 
2023-02-24 16:24:12.239	[33mWARN[0m	Code: , Message: 
2023-02-24 16:24:14.261	[33mWARN[0m	Code: , Message: 
2023-02-24 16:24:16.277	[33mWARN[0m	Code: , Message: 
2023-02-24 16:24:18.291	[33mWARN[0m	Code: , Message: 
2023-02-24 16:24:20.304	[33mWARN[0m	Code: , Message: 
2023-02-24 16:24:22.324	[33mWARN[0m	Code: , Message: 
2023-02-24 16:24:25.569	[34mINFO[0m	äºŒç»´ç è·å–æˆåŠŸï¼Œè¯·æ‰“å¼€äº¬ä¸œAPPæ‰«æ
2023-02-24 16:24:25.588	[33mWARN[0m	Code: , Message: 
2023-02-24 16:24:27.604	[33mWARN[0m	Code: , Message: 
2023-02-24 16:24:29.637	[33mWARN[0m	Code: , Message: 
2023-02-24 16:24:31.662	[33mWARN[0m	Code: , Message: 
2023-02-24 16:24:33.682	[33mWARN[0m	Code: , Message: 
2023-02-24 16:24:35.701	[33mWARN[0m	Code: , Message: 
2023-02-24 16:24:37.722	[33mWARN[0m	Code: , Message: 
2023-02-24 16:24:39.744	[33mWARN[0m	Code: , Message: 
2023-02-24 16:24:41.765	[33mWARN[0m	Code: , Message: 
2023-02-24 16:24:43.778	[33mWARN[0m	Code: , Message: 
2023-02-24 16:24:49.057	[31mERROR[0m	cookieæ–‡ä»¶ä¸å­˜åœ¨
2023-02-24 16:24:49.057	[31mERROR[0m	é¢„çº¦å¤±è´¥ï¼Œè¯·é‡æ–°ç™»å½•
2023-02-24 16:25:12.917	[34mINFO[0m	äºŒç»´ç è·å–æˆåŠŸï¼Œè¯·æ‰“å¼€äº¬ä¸œAPPæ‰«æ
2023-02-24 16:25:12.935	[33mWARN[0m	Code: , Message: 
2023-02-24 16:25:14.954	[33mWARN[0m	Code: , Message: 
2023-02-24 16:25:16.975	[33mWARN[0m	Code: , Message: 
2023-02-24 16:25:18.991	[33mWARN[0m	Code: , Message: 
2023-02-24 16:25:21.007	[33mWARN[0m	Code: , Message: 
2023-02-24 16:25:23.019	[33mWARN[0m	Code: , Message: 
2023-02-24 16:25:25.038	[33mWARN[0m	Code: , Message: 
2023-02-24 16:25:27.052	[33mWARN[0m	Code: , Message: 
2023-02-24 16:25:29.073	[33mWARN[0m	Code: , Message: 
2023-02-24 16:25:31.105	[33mWARN[0m	Code: , Message: 
2023-02-24 16:25:33.125	[33mWARN[0m	Code: , Message: 
2023-02-24 16:25:35.147	[33mWARN[0m	Code: , Message: 
2023-02-24 16:25:37.167	[33mWARN[0m	Code: , Message: 
2023-02-24 16:25:39.190	[33mWARN[0m	Code: , Message: 
2023-02-24 16:25:41.205	[33mWARN[0m	Code: , Message: 
2023-02-24 16:25:43.221	[33mWARN[0m	Code: , Message: 
2023-02-24 16:25:45.238	[33mWARN[0m	Code: , Message: 
2023-02-24 16:25:47.263	[33mWARN[0m	Code: , Message: 
2023-02-24 16:27:37.521	[34mINFO[0m	äºŒç»´ç è·å–æˆåŠŸï¼Œè¯·æ‰“å¼€äº¬ä¸œAPPæ‰«æ
2023-02-24 16:27:37.540	[33mWARN[0m	Code: , Message: 
2023-02-24 16:27:39.554	[33mWARN[0m	Code: , Message: 
2023-02-24 16:27:41.577	[33mWARN[0m	Code: , Message: 
2023-02-24 16:27:43.611	[33mWARN[0m	Code: , Message: 
2023-02-24 16:27:45.626	[33mWARN[0m	Code: , Message: 
2023-02-24 16:27:47.641	[33mWARN[0m	Code: , Message: 
2023-02-24 16:27:49.662	[33mWARN[0m	Code: , Message: 
2023-02-24 16:27:51.685	[33mWARN[0m	Code: , Message: 
2023-02-24 16:27:53.700	[33mWARN[0m	Code: , Message: 
2023-02-24 16:27:55.716	[33mWARN[0m	Code: , Message: 
2023-02-24 16:27:57.740	[33mWARN[0m	Code: , Message: 
2023-02-24 16:27:59.762	[33mWARN[0m	Code: , Message: 
2023-02-24 16:28:01.784	[33mWARN[0m	Code: , Message: 
2023-02-24 16:28:03.802	[33mWARN[0m	Code: , Message: 
2023-02-24 16:28:05.823	[33mWARN[0m	Code: , Message: 
2023-02-24 16:28:07.845	[33mWARN[0m	Code: , Message: 
2023-02-24 16:28:09.861	[33mWARN[0m	Code: , Message: 
2023-02-24 16:28:11.879	[33mWARN[0m	Code: , Message: 
2023-02-24 16:28:13.903	[33mWARN[0m	Code: , Message: 
2023-02-24 16:28:15.928	[33mWARN[0m	Code: , Message: 
2023-02-24 16:28:17.949	[33mWARN[0m	Code: , Message: 
2023-02-24 16:28:19.963	[33mWARN[0m	Code: , Message: 
2023-02-24 16:28:21.985	[33mWARN[0m	Code: , Message: 
2023-02-24 16:28:24.005	[33mWARN[0m	Code: , Message: 
2023-02-24 16:28:26.026	[33mWARN[0m	Code: , Message: 
2023-02-24 16:28:28.045	[33mWARN[0m	Code: , Message: 
2023-02-24 16:28:30.060	[33mWARN[0m	Code: , Message: 
2023-02-24 16:28:32.083	[33mWARN[0m	Code: , Message: 
2023-02-24 16:28:34.096	[33mWARN[0m	Code: , Message: 
2023-02-24 16:28:36.110	[33mWARN[0m	Code: , Message: 
2023-02-24 16:28:38.130	[33mWARN[0m	Code: , Message: 
2023-02-24 16:28:40.152	[33mWARN[0m	Code: , Message: 
2023-02-24 16:28:42.176	[33mWARN[0m	Code: , Message: 
2023-02-24 16:28:44.195	[33mWARN[0m	Code: , Message: 
2023-02-24 16:28:46.210	[33mWARN[0m	Code: , Message: 
2023-02-24 16:28:48.233	[33mWARN[0m	Code: , Message: 
2023-02-24 16:28:50.250	[33mWARN[0m	Code: , Message: 
2023-02-24 16:28:52.268	[33mWARN[0m	Code: , Message: 
2023-02-24 16:28:54.282	[33mWARN[0m	Code: , Message: 
2023-02-24 16:28:56.301	[33mWARN[0m	Code: , Message: 
2023-02-24 16:28:58.318	[33mWARN[0m	Code: , Message: 
2023-02-24 16:29:00.339	[33mWARN[0m	Code: , Message: 
2023-02-24 16:29:02.355	[33mWARN[0m	Code: , Message: 
2023-02-24 16:29:04.375	[33mWARN[0m	Code: , Message: 
2023-02-24 16:29:06.398	[33mWARN[0m	Code: , Message: 
2023-02-24 16:29:08.413	[33mWARN[0m	Code: , Message: 
2023-02-24 16:29:10.434	[33mWARN[0m	Code: , Message: 
2023-02-24 16:29:12.456	[33mWARN[0m	Code: , Message: 
2023-02-24 16:29:14.475	[33mWARN[0m	Code: , Message: 
2023-02-24 16:29:16.492	[33mWARN[0m	Code: , Message: 
2023-02-24 16:29:18.507	[33mWARN[0m	Code: , Message: 
2023-02-24 16:29:20.531	[33mWARN[0m	Code: , Message: 
2023-02-24 16:29:22.552	[33mWARN[0m	Code: , Message: 
2023-02-24 16:29:24.578	[33mWARN[0m	Code: , Message: 
2023-02-24 16:29:26.599	[33mWARN[0m	Code: , Message: 
2023-02-24 16:29:28.609	[33mWARN[0m	Code: , Message: 
2023-02-24 16:29:30.634	[33mWARN[0m	Code: , Message: 
2023-02-24 16:29:32.649	[33mWARN[0m	Code: , Message: 
2023-02-24 16:29:34.670	[33mWARN[0m	Code: , Message: 
2023-02-24 16:29:36.691	[33mWARN[0m	Code: , Message: 
2023-02-24 16:29:38.710	[33mWARN[0m	Code: , Message: 
2023-02-24 16:29:40.725	[33mWARN[0m	Code: , Message: 
2023-02-24 16:29:42.745	[33mWARN[0m	Code: , Message: 
2023-02-24 16:29:44.760	[33mWARN[0m	Code: , Message: 
2023-02-24 16:29:46.788	[33mWARN[0m	Code: , Message: 
2023-02-24 16:29:48.803	[33mWARN[0m	Code: , Message: 
2023-02-24 16:29:50.824	[33mWARN[0m	Code: , Message: 
2023-02-24 16:29:52.837	[33mWARN[0m	Code: , Message: 
2023-02-24 16:29:54.858	[33mWARN[0m	Code: , Message: 
2023-02-24 16:29:56.879	[33mWARN[0m	Code: , Message: 
2023-02-24 16:29:58.894	[33mWARN[0m	Code: , Message: 
2023-02-24 16:30:00.915	[33mWARN[0m	Code: , Message: 
2023-02-24 16:30:02.933	[33mWARN[0m	Code: , Message: 
2023-02-24 16:30:04.953	[33mWARN[0m	Code: , Message: 
2023-02-24 16:30:06.975	[33mWARN[0m	Code: , Message: 
2023-02-24 16:30:08.995	[33mWARN[0m	Code: , Message: 
2023-02-24 16:30:11.972	[34mINFO[0m	äºŒç»´ç è·å–æˆåŠŸï¼Œè¯·æ‰“å¼€äº¬ä¸œAPPæ‰«æ
2023-02-24 16:30:11.990	[33mWARN[0m	Code: , Message: 
2023-02-24 16:30:14.007	[33mWARN[0m	Code: , Message: 
2023-02-24 16:30:16.024	[33mWARN[0m	Code: , Message: 
2023-02-24 16:30:18.041	[33mWARN[0m	Code: , Message: 
2023-02-24 16:30:20.056	[33mWARN[0m	Code: , Message: 
2023-02-24 16:30:22.079	[33mWARN[0m	Code: , Message: 
2023-02-24 16:30:24.095	[33mWARN[0m	Code: , Message: 
2023-02-24 16:30:26.110	[33mWARN[0m	Code: , Message: 
2023-02-24 16:30:28.131	[33mWARN[0m	Code: , Message: 
2023-02-24 16:30:30.151	[33mWARN[0m	Code: , Message: 
2023-02-24 16:30:32.180	[33mWARN[0m	Code: , Message: 
2023-02-24 16:31:12.777	[34mINFO[0m	äºŒç»´ç è·å–æˆåŠŸï¼Œè¯·æ‰“å¼€äº¬ä¸œAPPæ‰«æ
2023-02-24 16:31:12.796	[33mWARN[0m	Code: , Message: 
2023-02-24 16:31:14.819	[33mWARN[0m	Code: , Message: 
2023-02-24 16:31:16.831	[33mWARN[0m	Code: , Message: 
2023-02-24 16:31:18.851	[33mWARN[0m	Code: , Message: 
2023-02-24 16:31:20.886	[33mWARN[0m	Code: , Message: 
2023-02-24 16:31:22.901	[33mWARN[0m	Code: , Message: 
2023-02-24 16:31:24.925	[33mWARN[0m	Code: , Message: 
2023-02-24 16:31:26.945	[33mWARN[0m	Code: , Message: 
2023-02-24 16:31:28.977	[33mWARN[0m	Code: , Message: 
2023-02-24 16:31:30.992	[33mWARN[0m	Code: , Message: 
2023-02-24 16:31:33.006	[33mWARN[0m	Code: , Message: 
2023-02-24 16:31:35.025	[33mWARN[0m	Code: , Message: 
2023-02-24 16:31:37.039	[33mWARN[0m	Code: , Message: 
2023-02-24 16:31:39.056	[33mWARN[0m	Code: , Message: 
2023-02-24 16:31:41.077	[33mWARN[0m	Code: , Message: 
2023-02-24 16:31:43.092	[33mWARN[0m	Code: , Message: 
2023-02-24 16:31:45.116	[33mWARN[0m	Code: , Message: 
2023-02-24 16:31:47.137	[33mWARN[0m	Code: , Message: 
2023-02-24 16:31:49.159	[33mWARN[0m	Code: , Message: 
2023-02-24 16:31:51.175	[33mWARN[0m	Code: , Message: 
2023-02-24 16:31:53.199	[33mWARN[0m	Code: , Message: 
2023-02-24 16:31:55.215	[33mWARN[0m	Code: , Message: 
2023-02-24 16:31:57.236	[33mWARN[0m	Code: , Message: 
2023-02-24 16:31:59.252	[33mWARN[0m	Code: , Message: 
2023-02-24 16:32:01.274	[33mWARN[0m	Code: , Message: 
2023-02-24 16:32:03.295	[33mWARN[0m	Code: , Message: 
2023-02-24 16:32:05.309	[33mWARN[0m	Code: , Message: 
2023-02-24 16:32:07.326	[33mWARN[0m	Code: , Message: 
2023-02-24 16:32:09.348	[33mWARN[0m	Code: , Message: 
2023-02-24 16:32:11.363	[33mWARN[0m	Code: , Message: 
2023-02-24 16:32:13.379	[33mWARN[0m	Code: , Message: 
2023-02-24 16:32:15.407	[33mWARN[0m	Code: , Message: 
2023-02-24 16:32:17.428	[33mWARN[0m	Code: , Message: 
2023-02-24 16:32:19.443	[33mWARN[0m	Code: , Message: 
2023-02-24 16:32:21.467	[33mWARN[0m	Code: , Message: 
2023-02-24 16:32:23.489	[33mWARN[0m	Code: , Message: 
2023-02-24 16:32:25.501	[33mWARN[0m	Code: , Message: 
2023-02-24 16:32:27.519	[33mWARN[0m	Code: , Message: 
2023-02-24 16:32:29.536	[33mWARN[0m	Code: , Message: 
2023-02-24 16:32:31.552	[33mWARN[0m	Code: , Message: 
2023-02-24 16:32:33.572	[33mWARN[0m	Code: , Message: 
2023-02-24 16:32:35.600	[33mWARN[0m	Code: , Message: 
2023-02-24 16:32:37.618	[33mWARN[0m	Code: , Message: 
2023-02-24 16:32:39.640	[33mWARN[0m	Code: , Message: 
2023-02-24 16:32:41.655	[33mWARN[0m	Code: , Message: 
2023-02-24 16:32:43.676	[33mWARN[0m	Code: , Message: 
2023-02-24 16:32:45.690	[33mWARN[0m	Code: , Message: 
2023-02-24 16:32:47.711	[33mWARN[0m	Code: , Message: 
2023-02-24 16:32:49.733	[33mWARN[0m	Code: , Message: 
2023-02-24 16:32:51.747	[33mWARN[0m	Code: , Message: 
2023-02-24 16:32:53.768	[33mWARN[0m	Code: , Message: 
